1767540296.059986 client started (4025800): version 3.6a, socket /tmp/tmux-1000/default, protocol 8
1767540296.060061 on Linux 6.18.2-arch2-1 #1 SMP PREEMPT_DYNAMIC Thu, 18 Dec 2025 18:00:18 +0000
1767540296.060067 using libevent 2.1.12-stable poll
1767540296.060071 using ncurses 6.5 20240427
1767540296.060102 flags are 0x10010000
1767540296.060124 socket is /tmp/tmux-1000/default
1767540296.060147 trying connect
1767540296.060202 add peer 0x556ccfc9ab60: 6 ((nil))
1767540296.060656 sending message 111 to peer 0x556ccfc9ab60 (8 bytes)
1767540296.060663 sending message 111 to peer 0x556ccfc9ab60 (8 bytes)
1767540296.060666 sending message 101 to peer 0x556ccfc9ab60 (16 bytes)
1767540296.060670 sending message 109 to peer 0x556ccfc9ab60 (4 bytes)
1767540296.060673 sending message 102 to peer 0x556ccfc9ab60 (11 bytes)
1767540296.060676 sending message 108 to peer 0x556ccfc9ab60 (34 bytes)
1767540296.060680 sending message 112 to peer 0x556ccfc9ab60 (70 bytes)
1767540296.060683 sending message 112 to peer 0x556ccfc9ab60 (5 bytes)
1767540296.060686 sending message 112 to peer 0x556ccfc9ab60 (5 bytes)
1767540296.060690 sending message 112 to peer 0x556ccfc9ab60 (6 bytes)
1767540296.060693 sending message 112 to peer 0x556ccfc9ab60 (6 bytes)
1767540296.060696 sending message 112 to peer 0x556ccfc9ab60 (11 bytes)
1767540296.060699 sending message 112 to peer 0x556ccfc9ab60 (10 bytes)
1767540296.060703 sending message 112 to peer 0x556ccfc9ab60 (13 bytes)
1767540296.060706 sending message 112 to peer 0x556ccfc9ab60 (13 bytes)
1767540296.060709 sending message 112 to peer 0x556ccfc9ab60 (18 bytes)
1767540296.060712 sending message 112 to peer 0x556ccfc9ab60 (11 bytes)
1767540296.060716 sending message 112 to peer 0x556ccfc9ab60 (21 bytes)
1767540296.060719 sending message 112 to peer 0x556ccfc9ab60 (13 bytes)
1767540296.060722 sending message 112 to peer 0x556ccfc9ab60 (7 bytes)
1767540296.060725 sending message 112 to peer 0x556ccfc9ab60 (13 bytes)
1767540296.060729 sending message 112 to peer 0x556ccfc9ab60 (7 bytes)
1767540296.060732 sending message 112 to peer 0x556ccfc9ab60 (13 bytes)
1767540296.060735 sending message 112 to peer 0x556ccfc9ab60 (9 bytes)
1767540296.060738 sending message 112 to peer 0x556ccfc9ab60 (21 bytes)
1767540296.060741 sending message 112 to peer 0x556ccfc9ab60 (13 bytes)
1767540296.060744 sending message 112 to peer 0x556ccfc9ab60 (8 bytes)
1767540296.060748 sending message 112 to peer 0x556ccfc9ab60 (12 bytes)
1767540296.060751 sending message 112 to peer 0x556ccfc9ab60 (13 bytes)
1767540296.060754 sending message 112 to peer 0x556ccfc9ab60 (9 bytes)
1767540296.060757 sending message 112 to peer 0x556ccfc9ab60 (9 bytes)
1767540296.060760 sending message 112 to peer 0x556ccfc9ab60 (12 bytes)
1767540296.060764 sending message 112 to peer 0x556ccfc9ab60 (8 bytes)
1767540296.060767 sending message 112 to peer 0x556ccfc9ab60 (7 bytes)
1767540296.060770 sending message 112 to peer 0x556ccfc9ab60 (7 bytes)
1767540296.060773 sending message 112 to peer 0x556ccfc9ab60 (9 bytes)
1767540296.060776 sending message 112 to peer 0x556ccfc9ab60 (13 bytes)
1767540296.060780 sending message 112 to peer 0x556ccfc9ab60 (9 bytes)
1767540296.060783 sending message 112 to peer 0x556ccfc9ab60 (15 bytes)
1767540296.060786 sending message 112 to peer 0x556ccfc9ab60 (13 bytes)
1767540296.060789 sending message 112 to peer 0x556ccfc9ab60 (12 bytes)
1767540296.060792 sending message 112 to peer 0x556ccfc9ab60 (8 bytes)
1767540296.060795 sending message 112 to peer 0x556ccfc9ab60 (14 bytes)
1767540296.060799 sending message 112 to peer 0x556ccfc9ab60 (9 bytes)
1767540296.060802 sending message 112 to peer 0x556ccfc9ab60 (10 bytes)
1767540296.060805 sending message 112 to peer 0x556ccfc9ab60 (10 bytes)
1767540296.060808 sending message 112 to peer 0x556ccfc9ab60 (10 bytes)
1767540296.060811 sending message 112 to peer 0x556ccfc9ab60 (10 bytes)
1767540296.060815 sending message 112 to peer 0x556ccfc9ab60 (11 bytes)
1767540296.060818 sending message 112 to peer 0x556ccfc9ab60 (10 bytes)
1767540296.060821 sending message 112 to peer 0x556ccfc9ab60 (8 bytes)
1767540296.060838 sending message 112 to peer 0x556ccfc9ab60 (11 bytes)
1767540296.060841 sending message 112 to peer 0x556ccfc9ab60 (11 bytes)
1767540296.060844 sending message 112 to peer 0x556ccfc9ab60 (11 bytes)
1767540296.060848 sending message 112 to peer 0x556ccfc9ab60 (8 bytes)
1767540296.060851 sending message 112 to peer 0x556ccfc9ab60 (8 bytes)
1767540296.060854 sending message 112 to peer 0x556ccfc9ab60 (8 bytes)
1767540296.060857 sending message 112 to peer 0x556ccfc9ab60 (10 bytes)
1767540296.060860 sending message 112 to peer 0x556ccfc9ab60 (10 bytes)
1767540296.060864 sending message 112 to peer 0x556ccfc9ab60 (10 bytes)
1767540296.060867 sending message 112 to peer 0x556ccfc9ab60 (10 bytes)
1767540296.060870 sending message 112 to peer 0x556ccfc9ab60 (10 bytes)
1767540296.060873 sending message 112 to peer 0x556ccfc9ab60 (11 bytes)
1767540296.060876 sending message 112 to peer 0x556ccfc9ab60 (11 bytes)
1767540296.060880 sending message 112 to peer 0x556ccfc9ab60 (10 bytes)
1767540296.060883 sending message 112 to peer 0x556ccfc9ab60 (9 bytes)
1767540296.060886 sending message 112 to peer 0x556ccfc9ab60 (9 bytes)
1767540296.060889 sending message 112 to peer 0x556ccfc9ab60 (12 bytes)
1767540296.060893 sending message 112 to peer 0x556ccfc9ab60 (9 bytes)
1767540296.060896 sending message 112 to peer 0x556ccfc9ab60 (6 bytes)
1767540296.060899 sending message 112 to peer 0x556ccfc9ab60 (13 bytes)
1767540296.060902 sending message 112 to peer 0x556ccfc9ab60 (8 bytes)
1767540296.060906 sending message 112 to peer 0x556ccfc9ab60 (15 bytes)
1767540296.060909 sending message 112 to peer 0x556ccfc9ab60 (13 bytes)
1767540296.060912 sending message 112 to peer 0x556ccfc9ab60 (70 bytes)
1767540296.060915 sending message 112 to peer 0x556ccfc9ab60 (69 bytes)
1767540296.060918 sending message 112 to peer 0x556ccfc9ab60 (10 bytes)
1767540296.060922 sending message 112 to peer 0x556ccfc9ab60 (8 bytes)
1767540296.060925 sending message 112 to peer 0x556ccfc9ab60 (15 bytes)
1767540296.060928 sending message 112 to peer 0x556ccfc9ab60 (13 bytes)
1767540296.060932 sending message 112 to peer 0x556ccfc9ab60 (10 bytes)
1767540296.060935 sending message 112 to peer 0x556ccfc9ab60 (10 bytes)
1767540296.060938 sending message 112 to peer 0x556ccfc9ab60 (5 bytes)
1767540296.060941 sending message 112 to peer 0x556ccfc9ab60 (15 bytes)
1767540296.060945 sending message 104 to peer 0x556ccfc9ab60 (0 bytes)
1767540296.060949 sending message 110 to peer 0x556ccfc9ab60 (0 bytes)
1767540296.060953 sending message 107 to peer 0x556ccfc9ab60 (4 bytes)
1767540296.060956 sending message 105 to peer 0x556ccfc9ab60 (38 bytes)
1767540296.060960 sending message 105 to peer 0x556ccfc9ab60 (30 bytes)
1767540296.060963 sending message 105 to peer 0x556ccfc9ab60 (34 bytes)
1767540296.060966 sending message 105 to peer 0x556ccfc9ab60 (21 bytes)
1767540296.060969 sending message 105 to peer 0x556ccfc9ab60 (29 bytes)
1767540296.060973 sending message 105 to peer 0x556ccfc9ab60 (20 bytes)
1767540296.060976 sending message 105 to peer 0x556ccfc9ab60 (28 bytes)
1767540296.060979 sending message 105 to peer 0x556ccfc9ab60 (54 bytes)
1767540296.060983 sending message 105 to peer 0x556ccfc9ab60 (50 bytes)
1767540296.060986 sending message 105 to peer 0x556ccfc9ab60 (11 bytes)
1767540296.060989 sending message 105 to peer 0x556ccfc9ab60 (12 bytes)
1767540296.060992 sending message 105 to peer 0x556ccfc9ab60 (18 bytes)
1767540296.060996 sending message 105 to peer 0x556ccfc9ab60 (73 bytes)
1767540296.060999 sending message 105 to peer 0x556ccfc9ab60 (80 bytes)
1767540296.061002 sending message 105 to peer 0x556ccfc9ab60 (65 bytes)
1767540296.061005 sending message 105 to peer 0x556ccfc9ab60 (50 bytes)
1767540296.061009 sending message 105 to peer 0x556ccfc9ab60 (66 bytes)
1767540296.061012 sending message 105 to peer 0x556ccfc9ab60 (266 bytes)
1767540296.061016 sending message 105 to peer 0x556ccfc9ab60 (26 bytes)
1767540296.061019 sending message 105 to peer 0x556ccfc9ab60 (110 bytes)
1767540296.061022 sending message 105 to peer 0x556ccfc9ab60 (35 bytes)
1767540296.061032 sending message 105 to peer 0x556ccfc9ab60 (32 bytes)
1767540296.061035 sending message 105 to peer 0x556ccfc9ab60 (17 bytes)
1767540296.061038 sending message 105 to peer 0x556ccfc9ab60 (47 bytes)
1767540296.061041 sending message 105 to peer 0x556ccfc9ab60 (39 bytes)
1767540296.061045 sending message 105 to peer 0x556ccfc9ab60 (38 bytes)
1767540296.061048 sending message 105 to peer 0x556ccfc9ab60 (18 bytes)
1767540296.061051 sending message 105 to peer 0x556ccfc9ab60 (60 bytes)
1767540296.061054 sending message 105 to peer 0x556ccfc9ab60 (18 bytes)
1767540296.061058 sending message 105 to peer 0x556ccfc9ab60 (13 bytes)
1767540296.061061 sending message 105 to peer 0x556ccfc9ab60 (33 bytes)
1767540296.061064 sending message 105 to peer 0x556ccfc9ab60 (33 bytes)
1767540296.061068 sending message 105 to peer 0x556ccfc9ab60 (39 bytes)
1767540296.061071 sending message 105 to peer 0x556ccfc9ab60 (14 bytes)
1767540296.061074 sending message 105 to peer 0x556ccfc9ab60 (168 bytes)
1767540296.061078 sending message 105 to peer 0x556ccfc9ab60 (355 bytes)
1767540296.061081 sending message 105 to peer 0x556ccfc9ab60 (27 bytes)
1767540296.061084 sending message 105 to peer 0x556ccfc9ab60 (98 bytes)
1767540296.061087 sending message 105 to peer 0x556ccfc9ab60 (51 bytes)
1767540296.061091 sending message 105 to peer 0x556ccfc9ab60 (120 bytes)
1767540296.061094 sending message 105 to peer 0x556ccfc9ab60 (15 bytes)
1767540296.061097 sending message 105 to peer 0x556ccfc9ab60 (19 bytes)
1767540296.061101 sending message 105 to peer 0x556ccfc9ab60 (37 bytes)
1767540296.061104 sending message 105 to peer 0x556ccfc9ab60 (17 bytes)
1767540296.061108 sending message 105 to peer 0x556ccfc9ab60 (798 bytes)
1767540296.061111 sending message 105 to peer 0x556ccfc9ab60 (16 bytes)
1767540296.061114 sending message 105 to peer 0x556ccfc9ab60 (53 bytes)
1767540296.061118 sending message 105 to peer 0x556ccfc9ab60 (15 bytes)
1767540296.061121 sending message 105 to peer 0x556ccfc9ab60 (23 bytes)
1767540296.061124 sending message 105 to peer 0x556ccfc9ab60 (59 bytes)
1767540296.061128 sending message 105 to peer 0x556ccfc9ab60 (29 bytes)
1767540296.061131 sending message 105 to peer 0x556ccfc9ab60 (38 bytes)
1767540296.061134 sending message 105 to peer 0x556ccfc9ab60 (34 bytes)
1767540296.061137 sending message 105 to peer 0x556ccfc9ab60 (20 bytes)
1767540296.061141 sending message 105 to peer 0x556ccfc9ab60 (19 bytes)
1767540296.061144 sending message 105 to peer 0x556ccfc9ab60 (8 bytes)
1767540296.061147 sending message 105 to peer 0x556ccfc9ab60 (15 bytes)
1767540296.061150 sending message 105 to peer 0x556ccfc9ab60 (21 bytes)
1767540296.061154 sending message 105 to peer 0x556ccfc9ab60 (21 bytes)
1767540296.061157 sending message 105 to peer 0x556ccfc9ab60 (33 bytes)
1767540296.061160 sending message 105 to peer 0x556ccfc9ab60 (18 bytes)
1767540296.061163 sending message 105 to peer 0x556ccfc9ab60 (26 bytes)
1767540296.061167 sending message 105 to peer 0x556ccfc9ab60 (38 bytes)
1767540296.061170 sending message 105 to peer 0x556ccfc9ab60 (50 bytes)
1767540296.061173 sending message 105 to peer 0x556ccfc9ab60 (13 bytes)
1767540296.061176 sending message 105 to peer 0x556ccfc9ab60 (59 bytes)
1767540296.061180 sending message 105 to peer 0x556ccfc9ab60 (11 bytes)
1767540296.061183 sending message 105 to peer 0x556ccfc9ab60 (35 bytes)
1767540296.061187 sending message 105 to peer 0x556ccfc9ab60 (39 bytes)
1767540296.061190 sending message 105 to peer 0x556ccfc9ab60 (29 bytes)
1767540296.061193 sending message 105 to peer 0x556ccfc9ab60 (18 bytes)
1767540296.061196 sending message 105 to peer 0x556ccfc9ab60 (34 bytes)
1767540296.061199 sending message 105 to peer 0x556ccfc9ab60 (26 bytes)
1767540296.061203 sending message 105 to peer 0x556ccfc9ab60 (145 bytes)
1767540296.061206 sending message 105 to peer 0x556ccfc9ab60 (31 bytes)
1767540296.061209 sending message 105 to peer 0x556ccfc9ab60 (15 bytes)
1767540296.061213 sending message 105 to peer 0x556ccfc9ab60 (23 bytes)
1767540296.061216 sending message 105 to peer 0x556ccfc9ab60 (26 bytes)
1767540296.061225 sending message 105 to peer 0x556ccfc9ab60 (18 bytes)
1767540296.061228 sending message 105 to peer 0x556ccfc9ab60 (21 bytes)
1767540296.061231 sending message 105 to peer 0x556ccfc9ab60 (11 bytes)
1767540296.061235 sending message 105 to peer 0x556ccfc9ab60 (21 bytes)
1767540296.061238 sending message 105 to peer 0x556ccfc9ab60 (44 bytes)
1767540296.061241 sending message 105 to peer 0x556ccfc9ab60 (39 bytes)
1767540296.061244 sending message 105 to peer 0x556ccfc9ab60 (16 bytes)
1767540296.061248 sending message 105 to peer 0x556ccfc9ab60 (30 bytes)
1767540296.061251 sending message 106 to peer 0x556ccfc9ab60 (0 bytes)
1767540296.061319 sending message 200 to peer 0x556ccfc9ab60 (4 bytes)
1767540296.061323 client loop enter
1767540296.061839 peer 0x556ccfc9ab60 message 303
1767540296.061874 open write file 2 -
1767540296.061888 sending message 305 to peer 0x556ccfc9ab60 (8 bytes)
1767540296.061898 write check file 2
1767540296.061958 peer 0x556ccfc9ab60 message 304
1767540296.061961 write 58 to file 2
1767540296.062011 peer 0x556ccfc9ab60 message 203
1767540296.062015 file 2 58 bytes left
1767540296.062035 write check file 2
1767540296.062038 client loop exit
