1765806216.836537 client started (536232): version 3.5a, socket /tmp/tmux-1000/default, protocol 8
1765806216.836605 on Linux 6.17.4-arch2-1 #1 SMP PREEMPT_DYNAMIC Sun, 19 Oct 2025 19:21:18 +0000
1765806216.836611 using libevent 2.1.12-stable poll
1765806216.836614 using ncurses 6.5 20240427
1765806216.836636 flags are 0x10010000
1765806216.836662 socket is /tmp/tmux-1000/default
1765806216.836687 trying connect
1765806216.836826 add peer 0x55e2da012f90: 6 ((nil))
1765806216.837368 sending message 111 to peer 0x55e2da012f90 (8 bytes)
1765806216.837386 sending message 111 to peer 0x55e2da012f90 (8 bytes)
1765806216.837390 sending message 101 to peer 0x55e2da012f90 (16 bytes)
1765806216.837393 sending message 109 to peer 0x55e2da012f90 (4 bytes)
1765806216.837397 sending message 102 to peer 0x55e2da012f90 (11 bytes)
1765806216.837400 sending message 108 to peer 0x55e2da012f90 (25 bytes)
1765806216.837404 sending message 112 to peer 0x55e2da012f90 (70 bytes)
1765806216.837407 sending message 112 to peer 0x55e2da012f90 (5 bytes)
1765806216.837410 sending message 112 to peer 0x55e2da012f90 (5 bytes)
1765806216.837414 sending message 112 to peer 0x55e2da012f90 (6 bytes)
1765806216.837417 sending message 112 to peer 0x55e2da012f90 (6 bytes)
1765806216.837420 sending message 112 to peer 0x55e2da012f90 (11 bytes)
1765806216.837424 sending message 112 to peer 0x55e2da012f90 (10 bytes)
1765806216.837427 sending message 112 to peer 0x55e2da012f90 (13 bytes)
1765806216.837431 sending message 112 to peer 0x55e2da012f90 (13 bytes)
1765806216.837434 sending message 112 to peer 0x55e2da012f90 (18 bytes)
1765806216.837437 sending message 112 to peer 0x55e2da012f90 (11 bytes)
1765806216.837441 sending message 112 to peer 0x55e2da012f90 (21 bytes)
1765806216.837444 sending message 112 to peer 0x55e2da012f90 (13 bytes)
1765806216.837447 sending message 112 to peer 0x55e2da012f90 (7 bytes)
1765806216.837451 sending message 112 to peer 0x55e2da012f90 (13 bytes)
1765806216.837454 sending message 112 to peer 0x55e2da012f90 (7 bytes)
1765806216.837457 sending message 112 to peer 0x55e2da012f90 (13 bytes)
1765806216.837461 sending message 112 to peer 0x55e2da012f90 (9 bytes)
1765806216.837464 sending message 112 to peer 0x55e2da012f90 (21 bytes)
1765806216.837467 sending message 112 to peer 0x55e2da012f90 (13 bytes)
1765806216.837471 sending message 112 to peer 0x55e2da012f90 (8 bytes)
1765806216.837474 sending message 112 to peer 0x55e2da012f90 (12 bytes)
1765806216.837477 sending message 112 to peer 0x55e2da012f90 (13 bytes)
1765806216.837481 sending message 112 to peer 0x55e2da012f90 (9 bytes)
1765806216.837484 sending message 112 to peer 0x55e2da012f90 (9 bytes)
1765806216.837487 sending message 112 to peer 0x55e2da012f90 (12 bytes)
1765806216.837490 sending message 112 to peer 0x55e2da012f90 (8 bytes)
1765806216.837494 sending message 112 to peer 0x55e2da012f90 (7 bytes)
1765806216.837497 sending message 112 to peer 0x55e2da012f90 (7 bytes)
1765806216.837500 sending message 112 to peer 0x55e2da012f90 (9 bytes)
1765806216.837503 sending message 112 to peer 0x55e2da012f90 (13 bytes)
1765806216.837507 sending message 112 to peer 0x55e2da012f90 (9 bytes)
1765806216.837510 sending message 112 to peer 0x55e2da012f90 (15 bytes)
1765806216.837513 sending message 112 to peer 0x55e2da012f90 (13 bytes)
1765806216.837517 sending message 112 to peer 0x55e2da012f90 (12 bytes)
1765806216.837520 sending message 112 to peer 0x55e2da012f90 (8 bytes)
1765806216.837523 sending message 112 to peer 0x55e2da012f90 (14 bytes)
1765806216.837526 sending message 112 to peer 0x55e2da012f90 (9 bytes)
1765806216.837530 sending message 112 to peer 0x55e2da012f90 (10 bytes)
1765806216.837533 sending message 112 to peer 0x55e2da012f90 (10 bytes)
1765806216.837536 sending message 112 to peer 0x55e2da012f90 (10 bytes)
1765806216.837539 sending message 112 to peer 0x55e2da012f90 (10 bytes)
1765806216.837543 sending message 112 to peer 0x55e2da012f90 (11 bytes)
1765806216.837546 sending message 112 to peer 0x55e2da012f90 (10 bytes)
1765806216.837549 sending message 112 to peer 0x55e2da012f90 (8 bytes)
1765806216.837572 sending message 112 to peer 0x55e2da012f90 (11 bytes)
1765806216.837576 sending message 112 to peer 0x55e2da012f90 (11 bytes)
1765806216.837579 sending message 112 to peer 0x55e2da012f90 (11 bytes)
1765806216.837582 sending message 112 to peer 0x55e2da012f90 (8 bytes)
1765806216.837586 sending message 112 to peer 0x55e2da012f90 (8 bytes)
1765806216.837589 sending message 112 to peer 0x55e2da012f90 (8 bytes)
1765806216.837592 sending message 112 to peer 0x55e2da012f90 (10 bytes)
1765806216.837596 sending message 112 to peer 0x55e2da012f90 (10 bytes)
1765806216.837599 sending message 112 to peer 0x55e2da012f90 (10 bytes)
1765806216.837602 sending message 112 to peer 0x55e2da012f90 (10 bytes)
1765806216.837606 sending message 112 to peer 0x55e2da012f90 (10 bytes)
1765806216.837609 sending message 112 to peer 0x55e2da012f90 (11 bytes)
1765806216.837612 sending message 112 to peer 0x55e2da012f90 (11 bytes)
1765806216.837616 sending message 112 to peer 0x55e2da012f90 (10 bytes)
1765806216.837619 sending message 112 to peer 0x55e2da012f90 (9 bytes)
1765806216.837622 sending message 112 to peer 0x55e2da012f90 (9 bytes)
1765806216.837626 sending message 112 to peer 0x55e2da012f90 (12 bytes)
1765806216.837629 sending message 112 to peer 0x55e2da012f90 (9 bytes)
1765806216.837632 sending message 112 to peer 0x55e2da012f90 (6 bytes)
1765806216.837636 sending message 112 to peer 0x55e2da012f90 (13 bytes)
1765806216.837639 sending message 112 to peer 0x55e2da012f90 (8 bytes)
1765806216.837642 sending message 112 to peer 0x55e2da012f90 (15 bytes)
1765806216.837646 sending message 112 to peer 0x55e2da012f90 (13 bytes)
1765806216.837649 sending message 112 to peer 0x55e2da012f90 (70 bytes)
1765806216.837652 sending message 112 to peer 0x55e2da012f90 (69 bytes)
1765806216.837656 sending message 112 to peer 0x55e2da012f90 (10 bytes)
1765806216.837659 sending message 112 to peer 0x55e2da012f90 (8 bytes)
1765806216.837662 sending message 112 to peer 0x55e2da012f90 (15 bytes)
1765806216.837666 sending message 112 to peer 0x55e2da012f90 (13 bytes)
1765806216.837669 sending message 112 to peer 0x55e2da012f90 (10 bytes)
1765806216.837672 sending message 112 to peer 0x55e2da012f90 (10 bytes)
1765806216.837676 sending message 112 to peer 0x55e2da012f90 (5 bytes)
1765806216.837679 sending message 112 to peer 0x55e2da012f90 (15 bytes)
1765806216.837683 sending message 104 to peer 0x55e2da012f90 (0 bytes)
1765806216.837686 sending message 110 to peer 0x55e2da012f90 (0 bytes)
1765806216.837690 sending message 107 to peer 0x55e2da012f90 (4 bytes)
1765806216.837694 sending message 105 to peer 0x55e2da012f90 (38 bytes)
1765806216.837697 sending message 105 to peer 0x55e2da012f90 (30 bytes)
1765806216.837700 sending message 105 to peer 0x55e2da012f90 (34 bytes)
1765806216.837704 sending message 105 to peer 0x55e2da012f90 (21 bytes)
1765806216.837707 sending message 105 to peer 0x55e2da012f90 (29 bytes)
1765806216.837711 sending message 105 to peer 0x55e2da012f90 (20 bytes)
1765806216.837714 sending message 105 to peer 0x55e2da012f90 (28 bytes)
1765806216.837717 sending message 105 to peer 0x55e2da012f90 (54 bytes)
1765806216.837721 sending message 105 to peer 0x55e2da012f90 (50 bytes)
1765806216.837724 sending message 105 to peer 0x55e2da012f90 (11 bytes)
1765806216.837727 sending message 105 to peer 0x55e2da012f90 (12 bytes)
1765806216.837731 sending message 105 to peer 0x55e2da012f90 (18 bytes)
1765806216.837734 sending message 105 to peer 0x55e2da012f90 (73 bytes)
1765806216.837737 sending message 105 to peer 0x55e2da012f90 (80 bytes)
1765806216.837741 sending message 105 to peer 0x55e2da012f90 (65 bytes)
1765806216.837744 sending message 105 to peer 0x55e2da012f90 (50 bytes)
1765806216.837747 sending message 105 to peer 0x55e2da012f90 (66 bytes)
1765806216.837751 sending message 105 to peer 0x55e2da012f90 (26 bytes)
1765806216.837754 sending message 105 to peer 0x55e2da012f90 (110 bytes)
1765806216.837757 sending message 105 to peer 0x55e2da012f90 (35 bytes)
1765806216.837761 sending message 105 to peer 0x55e2da012f90 (32 bytes)
1765806216.837770 sending message 105 to peer 0x55e2da012f90 (17 bytes)
1765806216.837773 sending message 105 to peer 0x55e2da012f90 (47 bytes)
1765806216.837777 sending message 105 to peer 0x55e2da012f90 (39 bytes)
1765806216.837780 sending message 105 to peer 0x55e2da012f90 (38 bytes)
1765806216.837783 sending message 105 to peer 0x55e2da012f90 (17 bytes)
1765806216.837787 sending message 105 to peer 0x55e2da012f90 (60 bytes)
1765806216.837790 sending message 105 to peer 0x55e2da012f90 (18 bytes)
1765806216.837793 sending message 105 to peer 0x55e2da012f90 (13 bytes)
1765806216.837797 sending message 105 to peer 0x55e2da012f90 (33 bytes)
1765806216.837800 sending message 105 to peer 0x55e2da012f90 (33 bytes)
1765806216.837803 sending message 105 to peer 0x55e2da012f90 (39 bytes)
1765806216.837806 sending message 105 to peer 0x55e2da012f90 (14 bytes)
1765806216.837810 sending message 105 to peer 0x55e2da012f90 (168 bytes)
1765806216.837813 sending message 105 to peer 0x55e2da012f90 (355 bytes)
1765806216.837817 sending message 105 to peer 0x55e2da012f90 (27 bytes)
1765806216.837820 sending message 105 to peer 0x55e2da012f90 (77 bytes)
1765806216.837824 sending message 105 to peer 0x55e2da012f90 (51 bytes)
1765806216.837827 sending message 105 to peer 0x55e2da012f90 (120 bytes)
1765806216.837830 sending message 105 to peer 0x55e2da012f90 (15 bytes)
1765806216.837834 sending message 105 to peer 0x55e2da012f90 (27 bytes)
1765806216.837837 sending message 105 to peer 0x55e2da012f90 (37 bytes)
1765806216.837840 sending message 105 to peer 0x55e2da012f90 (17 bytes)
1765806216.837844 sending message 105 to peer 0x55e2da012f90 (798 bytes)
1765806216.837848 sending message 105 to peer 0x55e2da012f90 (16 bytes)
1765806216.837851 sending message 105 to peer 0x55e2da012f90 (53 bytes)
1765806216.837855 sending message 105 to peer 0x55e2da012f90 (15 bytes)
1765806216.837858 sending message 105 to peer 0x55e2da012f90 (23 bytes)
1765806216.837861 sending message 105 to peer 0x55e2da012f90 (59 bytes)
1765806216.837865 sending message 105 to peer 0x55e2da012f90 (29 bytes)
1765806216.837868 sending message 105 to peer 0x55e2da012f90 (29 bytes)
1765806216.837871 sending message 105 to peer 0x55e2da012f90 (34 bytes)
1765806216.837874 sending message 105 to peer 0x55e2da012f90 (20 bytes)
1765806216.837878 sending message 105 to peer 0x55e2da012f90 (19 bytes)
1765806216.837881 sending message 105 to peer 0x55e2da012f90 (8 bytes)
1765806216.837884 sending message 105 to peer 0x55e2da012f90 (15 bytes)
1765806216.837888 sending message 105 to peer 0x55e2da012f90 (21 bytes)
1765806216.837891 sending message 105 to peer 0x55e2da012f90 (21 bytes)
1765806216.837894 sending message 105 to peer 0x55e2da012f90 (33 bytes)
1765806216.837898 sending message 105 to peer 0x55e2da012f90 (18 bytes)
1765806216.837901 sending message 105 to peer 0x55e2da012f90 (26 bytes)
1765806216.837904 sending message 105 to peer 0x55e2da012f90 (37 bytes)
1765806216.837908 sending message 105 to peer 0x55e2da012f90 (50 bytes)
1765806216.837911 sending message 105 to peer 0x55e2da012f90 (13 bytes)
1765806216.837914 sending message 105 to peer 0x55e2da012f90 (59 bytes)
1765806216.837918 sending message 105 to peer 0x55e2da012f90 (11 bytes)
1765806216.837921 sending message 105 to peer 0x55e2da012f90 (35 bytes)
1765806216.837924 sending message 105 to peer 0x55e2da012f90 (39 bytes)
1765806216.837927 sending message 105 to peer 0x55e2da012f90 (29 bytes)
1765806216.837931 sending message 105 to peer 0x55e2da012f90 (18 bytes)
1765806216.837952 sending message 105 to peer 0x55e2da012f90 (34 bytes)
1765806216.837959 sending message 105 to peer 0x55e2da012f90 (26 bytes)
1765806216.837963 sending message 105 to peer 0x55e2da012f90 (145 bytes)
1765806216.837967 sending message 105 to peer 0x55e2da012f90 (31 bytes)
1765806216.837971 sending message 105 to peer 0x55e2da012f90 (15 bytes)
1765806216.837975 sending message 105 to peer 0x55e2da012f90 (23 bytes)
1765806216.837978 sending message 105 to peer 0x55e2da012f90 (26 bytes)
1765806216.837983 sending message 105 to peer 0x55e2da012f90 (18 bytes)
1765806216.838034 sending message 105 to peer 0x55e2da012f90 (21 bytes)
1765806216.838038 sending message 105 to peer 0x55e2da012f90 (11 bytes)
1765806216.838041 sending message 105 to peer 0x55e2da012f90 (21 bytes)
1765806216.838045 sending message 105 to peer 0x55e2da012f90 (44 bytes)
1765806216.838048 sending message 105 to peer 0x55e2da012f90 (39 bytes)
1765806216.838052 sending message 105 to peer 0x55e2da012f90 (16 bytes)
1765806216.838055 sending message 105 to peer 0x55e2da012f90 (30 bytes)
1765806216.838059 sending message 106 to peer 0x55e2da012f90 (0 bytes)
1765806216.838133 sending message 200 to peer 0x55e2da012f90 (4 bytes)
1765806216.838139 client loop enter
1765806216.838703 peer 0x55e2da012f90 message 303
1765806216.838710 open write file 2 -
1765806216.838720 sending message 305 to peer 0x55e2da012f90 (8 bytes)
1765806216.838739 write check file 2
1765806216.838836 peer 0x55e2da012f90 message 304
1765806216.838841 write 58 to file 2
1765806216.838846 peer 0x55e2da012f90 message 203
1765806216.838851 file 2 58 bytes left
1765806216.838876 write check file 2
1765806216.838879 client loop exit
